C:\USERS\DIANA\DOCUMENTS\VISUAL STUDIO 2012\PROJECTS\COMPILER2\COMPILER2\DEBUG\VC110.PDB
C:\USERS\DIANA\DOCUMENTS\VISUAL STUDIO 2012\PROJECTS\COMPILER2\COMPILER2\DEBUG\SOURCE.OBJ
C:\USERS\DIANA\DOCUMENTS\VISUAL STUDIO 2012\PROJECTS\COMPILER2\DEBUG\COMPILER2.ILK
C:\USERS\DIANA\DOCUMENTS\VISUAL STUDIO 2012\PROJECTS\COMPILER2\DEBUG\COMPILER2.EXE
C:\USERS\DIANA\DOCUMENTS\VISUAL STUDIO 2012\PROJECTS\COMPILER2\DEBUG\COMPILER2.PDB
C:\Users\Diana\documents\visual studio 2012\Projects\compiler2\compiler2\Debug\Source.obj
C:\Users\Diana\documents\visual studio 2012\Projects\compiler2\compiler2\Debug\cl.command.1.tlog
C:\Users\Diana\documents\visual studio 2012\Projects\compiler2\compiler2\Debug\CL.read.1.tlog
C:\Users\Diana\documents\visual studio 2012\Projects\compiler2\compiler2\Debug\CL.write.1.tlog
C:\Users\Diana\documents\visual studio 2012\Projects\compiler2\compiler2\Debug\link-cvtres.read.1.tlog
C:\Users\Diana\documents\visual studio 2012\Projects\compiler2\compiler2\Debug\link-cvtres.write.1.tlog
C:\Users\Diana\documents\visual studio 2012\Projects\compiler2\compiler2\Debug\link-rc.read.1.tlog
C:\Users\Diana\documents\visual studio 2012\Projects\compiler2\compiler2\Debug\link-rc.write.1.tlog
C:\Users\Diana\documents\visual studio 2012\Projects\compiler2\compiler2\Debug\link.command.1.tlog
C:\Users\Diana\documents\visual studio 2012\Projects\compiler2\compiler2\Debug\link.read.1.tlog
C:\Users\Diana\documents\visual studio 2012\Projects\compiler2\compiler2\Debug\link.write.1.tlog
C:\Users\Diana\documents\visual studio 2012\Projects\compiler2\compiler2\Debug\vc110.idb
C:\Users\Diana\documents\visual studio 2012\Projects\compiler2\compiler2\Debug\vc110.pdb
C:\Users\Diana\documents\visual studio 2012\Projects\compiler2\Debug\compiler2.pdb
C:\Users\Diana\documents\visual studio 2012\Projects\compiler2\Debug\compiler2.exe
C:\Users\Diana\documents\visual studio 2012\Projects\compiler2\Debug\compiler2.ilk
